[PREINITIALIZATION][CLIENT][INFO] Current loaders after merging: [[preinit]]
[PREINITIALIZATION][CLIENT][INFO] Loading scripts for loader with names [preinit]
[PREINITIALIZATION][CLIENT][INFO] [preinit | SIDE_CLIENT]: Skipping file {[0:crafttweaker]: bonsai.zs} as we are currently loading with a different loader
[PREINITIALIZATION][CLIENT][INFO] [preinit | SIDE_CLIENT]: Skipping file {[0:contenttweaker]: content.zs} as we are currently loading with a different loader
[PREINITIALIZATION][CLIENT][INFO] [preinit | SIDE_CLIENT]: Skipping file {[0:crafttweaker]: immersive.zs} as we are currently loading with a different loader
[PREINITIALIZATION][CLIENT][INFO] [preinit | SIDE_CLIENT]: Skipping file {[0:crafttweaker]: inworld.zs} as we are currently loading with a different loader
[PREINITIALIZATION][CLIENT][INFO] [preinit | SIDE_CLIENT]: Skipping file {[0:crafttweaker]: nuclear.zs} as we are currently loading with a different loader
[PREINITIALIZATION][CLIENT][INFO] [preinit | SIDE_CLIENT]: Skipping file {[0:crafttweaker]: otherrecipes.zs} as we are currently loading with a different loader
[PREINITIALIZATION][CLIENT][INFO] [preinit | SIDE_CLIENT]: Skipping file {[0:crafttweaker]: recipes.zs} as we are currently loading with a different loader
[PREINITIALIZATION][CLIENT][INFO] [preinit | SIDE_CLIENT]: Skipping file {[0:crafttweaker]: thermal.zs} as we are currently loading with a different loader
[PREINITIALIZATION][CLIENT][INFO] Completed script loading in: 4ms
[PREINITIALIZATION][CLIENT][INFO] Current loaders after merging: [[preinit], [contenttweaker]]
[PREINITIALIZATION][CLIENT][INFO] Loading scripts for loader with names [contenttweaker]
[PREINITIALIZATION][CLIENT][INFO] [contenttweaker | SIDE_CLIENT]: Skipping file {[0:crafttweaker]: bonsai.zs} as we are currently loading with a different loader
[PREINITIALIZATION][CLIENT][INFO] [contenttweaker | SIDE_CLIENT]: Loading Script: {[0:contenttweaker]: content.zs}
[PREINITIALIZATION][CLIENT][INFO] [contenttweaker | SIDE_CLIENT]: Skipping file {[0:crafttweaker]: immersive.zs} as we are currently loading with a different loader
[PREINITIALIZATION][CLIENT][INFO] [contenttweaker | SIDE_CLIENT]: Skipping file {[0:crafttweaker]: inworld.zs} as we are currently loading with a different loader
[PREINITIALIZATION][CLIENT][INFO] [contenttweaker | SIDE_CLIENT]: Skipping file {[0:crafttweaker]: nuclear.zs} as we are currently loading with a different loader
[PREINITIALIZATION][CLIENT][INFO] [contenttweaker | SIDE_CLIENT]: Skipping file {[0:crafttweaker]: otherrecipes.zs} as we are currently loading with a different loader
[PREINITIALIZATION][CLIENT][INFO] [contenttweaker | SIDE_CLIENT]: Skipping file {[0:crafttweaker]: recipes.zs} as we are currently loading with a different loader
[PREINITIALIZATION][CLIENT][INFO] [contenttweaker | SIDE_CLIENT]: Skipping file {[0:crafttweaker]: thermal.zs} as we are currently loading with a different loader
[PREINITIALIZATION][CLIENT][INFO] Completed script loading in: 235ms
[INITIALIZATION][CLIENT][INFO] CraftTweaker: Building registry
[INITIALIZATION][CLIENT][INFO] CraftTweaker: Successfully built item registry
[INITIALIZATION][CLIENT][INFO] Current loaders after merging: [[preinit], [contenttweaker], [recipeevent | crafttweaker]]
[INITIALIZATION][CLIENT][INFO] Loading scripts for loader with names [crafttweaker | recipeevent]
[INITIALIZATION][CLIENT][INFO] [crafttweaker | SIDE_CLIENT]: Loading Script: {[0:crafttweaker]: bonsai.zs}
[INITIALIZATION][CLIENT][INFO] [crafttweaker | SIDE_CLIENT]: Skipping file {[0:contenttweaker]: content.zs} as we are currently loading with a different loader
[INITIALIZATION][CLIENT][INFO] [crafttweaker | SIDE_CLIENT]: Loading Script: {[0:crafttweaker]: immersive.zs}
[INITIALIZATION][CLIENT][INFO] Adding Metal Press Recipe for Tiny Machine Piece
[INITIALIZATION][CLIENT][INFO] Adding Metal Press Recipe for Redstone Tunnel
[INITIALIZATION][CLIENT][INFO] Adding Metal Press Recipe for Tunnel
[INITIALIZATION][CLIENT][INFO] Adding Crusher Recipe for Small Machine Piece
[INITIALIZATION][CLIENT][INFO] Adding Coke Oven Recipe for Coal Coke
[INITIALIZATION][CLIENT][INFO] Adding Coke Oven Recipe for Block of Coal Coke
[INITIALIZATION][CLIENT][INFO] Removing Blast Furnace Recipe for Steel Ingot
[INITIALIZATION][CLIENT][INFO] Adding Blast Furnace Recipe for Steel Ingot
[INITIALIZATION][CLIENT][INFO] Adding Squeezer Recipe for Fluid Water and Item Green Pigment
[INITIALIZATION][CLIENT][INFO] [crafttweaker | SIDE_CLIENT]: Loading Script: {[0:crafttweaker]: inworld.zs}
[INITIALIZATION][CLIENT][INFO] [crafttweaker | SIDE_CLIENT]: Loading Script: {[0:crafttweaker]: nuclear.zs}
[INITIALIZATION][CLIENT][INFO] Removing nuclearcraft_alloy_furnace recipes for: 1 x item.immersiveengineering.metal:8
[INITIALIZATION][CLIENT][INFO] Removing nuclearcraft_alloy_furnace recipes for: 2 x item.immersiveengineering.metal:8
[INITIALIZATION][CLIENT][INFO] Removing nuclearcraft_manufactory recipes for: 1 x ore:dustHOPGraphite
[INITIALIZATION][CLIENT][INFO] Adding nuclearcraft_manufactory recipe: 1 x item.thermalfoundation.material:769 -> 1 x item.nuclearcraft.dust:8
[INITIALIZATION][CLIENT][INFO] Adding nuclearcraft_irradiator recipe: 1000 x redstone, 10 x neutron -> 500 x glowstone, 100 x koh
[INITIALIZATION][CLIENT][INFO] Removing nuclearcraft_pressurizer recipes for: 1 x item.diamond:0
[INITIALIZATION][CLIENT][INFO] Adding nuclearcraft_infuser recipe: 2 x item.thermalfoundation.material:2049, 1000 x oxygen -> 1 x item.thermalfoundation.material:2048
[INITIALIZATION][CLIENT][INFO] Adding nuclearcraft_melter recipe: 1 x tile.compactmachines3.machine:2 -> 1000 x compactfluid
[INITIALIZATION][CLIENT][INFO] Adding nuclearcraft_ingot_former recipe: 1000 x compactfluid -> 1 x item.contenttweaker.NormalSmashedMachine:0
[INITIALIZATION][CLIENT][INFO] Removing nuclearcraft_ingot_former recipes for: 1 x item.diamond:0
[INITIALIZATION][CLIENT][INFO] [crafttweaker | SIDE_CLIENT]: Loading Script: {[0:crafttweaker]: otherrecipes.zs}
[INITIALIZATION][CLIENT][INFO] Setting fuel for <contenttweaker:poopfuel>
[INITIALIZATION][CLIENT][INFO] [crafttweaker | SIDE_CLIENT]: Loading Script: {[0:crafttweaker]: recipes.zs}
[INITIALIZATION][CLIENT][INFO] [crafttweaker | SIDE_CLIENT]: Loading Script: {[0:crafttweaker]: thermal.zs}
[INITIALIZATION][CLIENT][INFO] Completed script loading in: 172ms
[POSTINITIALIZATION][CLIENT][INFO] Removing recipes for various outputs
[POSTINITIALIZATION][CLIENT][INFO] Removing Shaped recipes for <minecraft:planks>
[POSTINITIALIZATION][CLIENT][INFO] 1 removed
[POSTINITIALIZATION][CLIENT][INFO] Removing Shaped recipes for <minecraft:planks:1>
[POSTINITIALIZATION][CLIENT][INFO] 1 removed
[POSTINITIALIZATION][CLIENT][INFO] Removing Shaped recipes for <minecraft:planks:2>
[POSTINITIALIZATION][CLIENT][INFO] 1 removed
[POSTINITIALIZATION][CLIENT][INFO] Removing Shaped recipes for <minecraft:planks:3>
[POSTINITIALIZATION][CLIENT][INFO] 1 removed
[POSTINITIALIZATION][CLIENT][INFO] Removing Shaped recipes for <minecraft:planks:4>
[POSTINITIALIZATION][CLIENT][INFO] 1 removed
[POSTINITIALIZATION][CLIENT][INFO] Removing Shaped recipes for <minecraft:planks:5>
[POSTINITIALIZATION][CLIENT][INFO] 1 removed
[POSTINITIALIZATION][CLIENT][INFO] Removing Shaped recipes for <minecraft:chorus_flower>
[POSTINITIALIZATION][CLIENT][INFO] 0 removed
[POSTINITIALIZATION][CLIENT][INFO] Removing Shaped recipes for <minecraft:diamond>
[POSTINITIALIZATION][CLIENT][INFO] 1 removed
[POSTINITIALIZATION][CLIENT][INFO] Removing Shaped recipes for <compactmachines3:fieldprojector> * 4
[POSTINITIALIZATION][CLIENT][INFO] 0 removed
[POSTINITIALIZATION][CLIENT][INFO] Removing all occurences of ingredient: <ore:gemDiamond> and replacing them with <ore:nuggetDiamond>
[POSTINITIALIZATION][CLIENT][INFO] Removing all occurences of ingredient: <ore:gemDiamond> and replacing them with <ore:nuggetDiamond>
[POSTINITIALIZATION][CLIENT][INFO] Removing all occurences of ingredient: <ore:gemDiamond> and replacing them with <ore:nuggetDiamond>
[POSTINITIALIZATION][CLIENT][INFO] Removing all occurences of ingredient: <ore:dustGlowstone> and replacing them with <ore:nuggetDiamond>
[POSTINITIALIZATION][CLIENT][INFO] Removing all occurences of ingredient: <ore:plateLumium> and replacing them with <ore:plateSignalum>
[POSTINITIALIZATION][CLIENT][INFO] Removing all occurences of ingredient: <ore:dustGlowstone> and replacing them with <ore:dustRedstone>
[POSTINITIALIZATION][CLIENT][INFO] Removing Shaped recipes for <thermalfoundation:tome_experience>
[POSTINITIALIZATION][CLIENT][INFO] 1 removed
[POSTINITIALIZATION][CLIENT][INFO] Removing Shaped recipes for <integrateddynamics:mechanical_squeezer>
[POSTINITIALIZATION][CLIENT][INFO] 1 removed
[POSTINITIALIZATION][CLIENT][INFO] Removing Shaped recipes for <integrateddynamics:logic_director>
[POSTINITIALIZATION][CLIENT][INFO] 1 removed
[POSTINITIALIZATION][CLIENT][INFO] Removing Shaped recipes for <minecraft:enchanting_table>
[POSTINITIALIZATION][CLIENT][INFO] 1 removed
[POSTINITIALIZATION][CLIENT][INFO] Removing Shapeless recipes for <nuclearcraft:glowing_mushroom>
[POSTINITIALIZATION][CLIENT][INFO] Removing 1 Shapeless recipes.
[POSTINITIALIZATION][CLIENT][INFO] Removing Shapeless recipes for <nuclearcraft:glowing_mushroom>
[POSTINITIALIZATION][CLIENT][INFO] Removing 0 Shapeless recipes.
[POSTINITIALIZATION][CLIENT][INFO] Adding shaped recipe for Oak Wood Planks with name ct_shaped936281293
[POSTINITIALIZATION][CLIENT][INFO] Adding shaped recipe for Spruce Wood Planks with name ct_shaped489934570
[POSTINITIALIZATION][CLIENT][INFO] Adding shaped recipe for Birch Wood Planks with name ct_shaped751787641
[POSTINITIALIZATION][CLIENT][INFO] Adding shaped recipe for Jungle Wood Planks with name ct_shaped959639400
[POSTINITIALIZATION][CLIENT][INFO] Adding shaped recipe for Acacia Wood Planks with name ct_shaped-1012497721
[POSTINITIALIZATION][CLIENT][INFO] Adding shaped recipe for Dark Oak Wood Planks with name ct_shaped-1284103158
[POSTINITIALIZATION][CLIENT][INFO] Adding shapeless recipe for Gunpowder with name ct_shapeless-1385353769
[POSTINITIALIZATION][CLIENT][INFO] Adding shapeless recipe for Poop Fuel with name ct_shapeless-2079643058
[POSTINITIALIZATION][CLIENT][INFO] Adding shapeless recipe for Grass Block with name ct_shapeless-983660540
[POSTINITIALIZATION][CLIENT][INFO] Adding shapeless recipe for Porcelain Clay with name ct_shapeless-932325896
[POSTINITIALIZATION][CLIENT][INFO] Adding shapeless recipe for Gravel with name ct_shapeless904884072
[POSTINITIALIZATION][CLIENT][INFO] Adding shapeless recipe for Dirt with name ct_shapeless1488637096
[POSTINITIALIZATION][CLIENT][INFO] Adding shaped recipe for Machine Controller with name ct_shaped-2004275185
[POSTINITIALIZATION][CLIENT][INFO] Adding shaped recipe for Steel Rod with name ct_shaped1725578834
[POSTINITIALIZATION][CLIENT][INFO] Adding shaped recipe for Modularium Blend with name ct_shaped-1131322124
[POSTINITIALIZATION][CLIENT][INFO] Adding shaped recipe for Decay Hastener with name ct_shaped-1002633745
[POSTINITIALIZATION][CLIENT][INFO] Adding shaped recipe for Large Compact Machine with name ct_shaped889844103
[POSTINITIALIZATION][CLIENT][INFO] Adding shaped recipe for Normal Compact Machine with name ct_shaped1148693032
[POSTINITIALIZATION][CLIENT][INFO] Adding shaped recipe for Small Compact Machine with name ct_shaped244288777
[POSTINITIALIZATION][CLIENT][INFO] Adding shaped recipe for Tiny Compact Machine with name ct_shaped401391456
[POSTINITIALIZATION][CLIENT][INFO] Adding shaped recipe for Auto Clicker with name ct_shaped1328234834
[POSTINITIALIZATION][CLIENT][INFO] Adding shaped recipe for Personal Shrinking Device with name ct_shaped-837872715
[POSTINITIALIZATION][CLIENT][INFO] Adding shaped recipe for Miniaturization Field Projector with name ct_shaped1496420665
[POSTINITIALIZATION][CLIENT][INFO] Adding shaped recipe for Leather with name ct_shaped-751397044
[POSTINITIALIZATION][CLIENT][INFO] Adding shaped recipe for Treated Wood Planks with name ct_shaped1718129980
[POSTINITIALIZATION][CLIENT][INFO] Adding shaped recipe for Magma Crucible (Basic) with name ct_shaped-799075499
[POSTINITIALIZATION][CLIENT][INFO] Adding shaped recipe for Processor Binding with name ct_shaped-1705366988
[POSTINITIALIZATION][CLIENT][INFO] Adding shaped recipe for Augment: Pyrolytic Conversion with name ct_shaped670052550
[POSTINITIALIZATION][CLIENT][INFO] Adding shaped recipe for Wooden Crucible with name ct_shaped-70327386
[POSTINITIALIZATION][CLIENT][INFO] Adding shaped recipe for White Elevator with name ct_shaped-46051446
[POSTINITIALIZATION][CLIENT][INFO] Adding shaped recipe for Tome of Knowledge with name ct_shaped-677082429
[POSTINITIALIZATION][CLIENT][INFO] Adding shaped recipe for Mechanical Squeezer with name ct_shaped-227663088
[POSTINITIALIZATION][CLIENT][INFO] Adding shaped recipe for Logic Director with name ct_shaped-1890816577
[POSTINITIALIZATION][CLIENT][INFO] Adding shaped recipe for Enchantment Table with name ct_shaped40717444
[POSTINITIALIZATION][CLIENT][INFO] Adding shaped recipe for Ultimate Energy Input Hatch with name ct_shaped-664363072
[POSTINITIALIZATION][CLIENT][INFO] Adding shaped recipe for Ludicrous Energy Input Hatch with name ct_shaped-196427922
[POSTINITIALIZATION][CLIENT][INFO] Adding shaped recipe for Huge Energy Input Hatch with name ct_shaped-1090488976
[POSTINITIALIZATION][CLIENT][INFO] Adding shaped recipe for Big Energy Input Hatch with name ct_shaped-1984550030
[POSTINITIALIZATION][CLIENT][INFO] Adding shaped recipe for Reinforced Energy Input Hatch with name ct_shaped1416356212
[POSTINITIALIZATION][CLIENT][INFO] Adding shaped recipe for Normal Energy Input Hatch with name ct_shaped-155449986
[POSTINITIALIZATION][CLIENT][INFO] Adding shaped recipe for Vacuum Fluid Input Hatch with name ct_shaped-1662763147
[POSTINITIALIZATION][CLIENT][INFO] Adding shaped recipe for Ludicrous Fluid Input Hatch with name ct_shaped-1231900681
[POSTINITIALIZATION][CLIENT][INFO] Adding shaped recipe for Huge Fluid Input Hatch with name ct_shaped-801038215
[POSTINITIALIZATION][CLIENT][INFO] Adding shaped recipe for Big Fluid Input Hatch with name ct_shaped-370175749
[POSTINITIALIZATION][CLIENT][INFO] Adding shaped recipe for Reinforced Fluid Input Hatch with name ct_shaped60686717
[POSTINITIALIZATION][CLIENT][INFO] Adding shaped recipe for Normal Fluid Input Hatch with name ct_shaped491549183
[POSTINITIALIZATION][CLIENT][INFO] Adding shaped recipe for Ludicrous Item Output with name ct_shaped2055800743
[POSTINITIALIZATION][CLIENT][INFO] Adding shaped recipe for Huge Item Output with name ct_shaped-1502214905
[POSTINITIALIZATION][CLIENT][INFO] Adding shaped recipe for Big Item Output with name ct_shaped-765263257
[POSTINITIALIZATION][CLIENT][INFO] Adding shaped recipe for Reinforced Item Output with name ct_shaped-28311609
[POSTINITIALIZATION][CLIENT][INFO] Adding shaped recipe for Normal Item Output with name ct_shaped708640039
[POSTINITIALIZATION][CLIENT][INFO] Adding shaped recipe for Ludicrous Item Input with name ct_shaped-1233608585
[POSTINITIALIZATION][CLIENT][INFO] Adding shaped recipe for Huge Item Input with name ct_shaped-392081961
[POSTINITIALIZATION][CLIENT][INFO] Adding shaped recipe for Big Item Input with name ct_shaped449444663
[POSTINITIALIZATION][CLIENT][INFO] Adding shaped recipe for Reinforced Item Input with name ct_shaped1290971287
[POSTINITIALIZATION][CLIENT][INFO] Adding shaped recipe for Normal Item Input with name ct_shaped2132497911
[POSTINITIALIZATION][CLIENT][INFO] Adding shaped recipe for Crafting Station with name ct_shaped-318076065
[POSTINITIALIZATION][CLIENT][INFO] Adding shapeless recipe for Glowing Mushroom with name ct_shapeless254234841
[POSTINITIALIZATION][CLIENT][INFO] Adding shapeless recipe for Quest Book with name ct_shapeless244078268
[POSTINITIALIZATION][CLIENT][INFO] Adding shapeless recipe for Quest Book with name ct_shapeless-1500993092
[POSTINITIALIZATION][CLIENT][INFO] Adding shapeless recipe for Quest Book with name ct_shapeless-1170355994
[POSTINITIALIZATION][CLIENT][INFO] Adding shapeless recipe for Quest Book with name ct_shapeless415752926
[POSTINITIALIZATION][CLIENT][INFO] Adding shapeless recipe for Quest Book with name ct_shapeless414829405
[POSTINITIALIZATION][CLIENT][INFO] Adding shapeless recipe for Quest Book with name ct_shapeless416676447
[POSTINITIALIZATION][CLIENT][INFO] Adding shaped recipe for Raw Advanced Processor with name refinedstorage-raw_advanced_processor-modified
[POSTINITIALIZATION][CLIENT][INFO] Adding shaped recipe for Miniaturization Field Projector with name compactmachines3-fieldprojector-modified
[POSTINITIALIZATION][CLIENT][INFO] Adding shaped recipe for Diamond Stiffened Mesh with name exnihilocreatio-item_mesh_4-modified
[POSTINITIALIZATION][CLIENT][INFO] Adding shaped recipe for Construction Core with name refinedstorage-construction_core-modified
[POSTINITIALIZATION][CLIENT][INFO] Adding shaped recipe for Augment: Sapling Infuser with name thermalexpansion-augment_11-modified
[POSTINITIALIZATION][CLIENT][INFO] Adding shaped recipe for Chemical Reactor with name nuclearcraft-tile.nuclearcraft.chemical_reactor_idle-modified
[POSTINITIALIZATION][CLIENT][INFO] Removing furnace recipes for: <minecraft:coal:1>
[POSTINITIALIZATION][CLIENT][INFO] 1 recipes removed for: <minecraft:coal:1>
[POSTINITIALIZATION][CLIENT][INFO] Adding furnace recipe for <contenttweaker:modulariumblend>
[POSTINITIALIZATION][CLIENT][INFO] Adding furnace recipe for <compactmachines3:machine:2>
[POSTINITIALIZATION][CLIENT][INFO] Adding Hammer recipe for [1xtile.block_diorite_crushed@0] with drop <exnihilocreatio:block_dust> at a chance of 1.0 with mining level 0
[AVAILABLE][CLIENT][INFO] Fixed the RecipeBook
[AVAILABLE][CLIENT][INFO] Altering RedstoneFurnace Recipe(s) for <minecraft:hay_block>
[AVAILABLE][CLIENT][INFO] Altering RedstoneFurnace Recipe(s) for <minecraft:cactus>
[AVAILABLE][CLIENT][INFO] Altering RedstoneFurnace Recipe(s) for <minecraft:reeds>
[AVAILABLE][CLIENT][INFO] Altering RedstoneFurnace Recipe(s) for <thermalfoundation:material:801>
[AVAILABLE][CLIENT][INFO] Removing Factorizer for <thermalfoundation:material:16> * 9
[AVAILABLE][CLIENT][INFO] Altering InductionSmelter Recipe(s) for <minecraft:iron_ingot> and <immersiveengineering:material:6>
[AVAILABLE][CLIENT][INFO] Altering InductionSmelter Recipe(s) for <immersiveengineering:material:6> and <thermalfoundation:material>
[AVAILABLE][CLIENT][INFO] Altering InductionSmelter Recipe(s) for <thermalfoundation:material:768> * 4 and <thermalfoundation:material>
[AVAILABLE][CLIENT][INFO] Altering MagmaticDynamo Recipe(s) for <liquid:pyrotheum>
[AVAILABLE][CLIENT][INFO] Altering Sawmill Recipe(s) for <minecraft:planks> * 2
[AVAILABLE][CLIENT][INFO] Altering Sawmill Recipe(s) for <minecraft:planks:1> * 2
[AVAILABLE][CLIENT][INFO] Altering Sawmill Recipe(s) for <minecraft:planks:2> * 2
[AVAILABLE][CLIENT][INFO] Altering Sawmill Recipe(s) for <minecraft:planks:3> * 2
[AVAILABLE][CLIENT][INFO] Altering Sawmill Recipe(s) for <minecraft:planks:4> * 2
[AVAILABLE][CLIENT][INFO] Altering Sawmill Recipe(s) for <minecraft:planks:5> * 2
[AVAILABLE][CLIENT][INFO] Altering Pulverizer Recipe(s) for <exnihilocreatio:block_dust>
