[11:06:52] [ERROR] Error parsing Ingredient String: Invalid Item: exnihilocreatio:block_skystone_crushed:0
[11:06:52] [ERROR] Error parsing JSON: Invalid Item: {"name":"appliedenergistics2:crystal_seed","meta":0,"nbt":"{progress:0.0f}"}
[11:06:52] [ERROR] This may result in crashing or other undefined behavior
[11:06:52] [ERROR] Error parsing JSON: Invalid Item: {"name":"appliedenergistics2:crystal_seed","meta":0,"nbt":"{progress:0.0f}"}
[11:06:52] [ERROR] This may result in crashing or other undefined behavior
[11:06:52] [ERROR] Error parsing JSON: Invalid Item: {"name":"appliedenergistics2:crystal_seed","meta":0,"nbt":"{progress:0.0f}"}
[11:06:52] [ERROR] This may result in crashing or other undefined behavior
[11:06:52] [ERROR] Error parsing JSON: Invalid Item: {"item":"exnihilocreatio:block_skystone_crushed:0","amount":1,"miningLevel":3,"chance":1.0,"fortuneChance":0.0}
[11:06:52] [ERROR] Error parsing Ingredient String: Invalid Item: appliedenergistics2:sky_stone_block:0
[11:06:52] [ERROR] Error parsing Ingredient String: Invalid Item: appliedenergistics2:material:45
[11:06:55] [INFO] Enabled support for The One Probe
[11:06:59] [INFO] ModConfig Loaded: true
[11:06:59] [INFO] JEI: Compost Recipe Pages Loaded:         2
[11:06:59] [INFO] JEI: Fluid Item Transform Recipes Loaded:       23
[11:06:59] [INFO] JEI: Fluid On Top Recipes Loaded:       2
[11:06:59] [INFO] JEI: Fluid Transform Recipes Loaded:    1
[11:06:59] [INFO] JEI: Hammer Recipes Loaded:             44
[11:06:59] [INFO] JEI: Crook Recipes Loaded:              1
[11:06:59] [INFO] JEI: Heat Sources Loaded:             18
[11:06:59] [INFO] JEI: Sieve Recipes Loaded:              47
[11:06:59] [INFO] JEI: Stone Crucible Recipes Loaded:       1
[11:06:59] [INFO] JEI: Wood Crucible Recipes Loaded:        1
[11:06:59] [INFO] Registered Hammer Catalyst: exnihilocreatio:hammer_wood
[11:06:59] [INFO] Registered Hammer Catalyst: exnihilocreatio:hammer_stone
[11:06:59] [INFO] Registered Hammer Catalyst: exnihilocreatio:hammer_iron
[11:06:59] [INFO] Registered Hammer Catalyst: exnihilocreatio:hammer_diamond
[11:06:59] [INFO] Registered Hammer Catalyst: exnihilocreatio:hammer_gold
[11:06:59] [INFO] Registered Crook Catalyst: exnihilocreatio:crook_wood
[11:06:59] [INFO] Registered Crook Catalyst: exnihilocreatio:crook_stone
[11:06:59] [INFO] Registered Crook Catalyst: exnihilocreatio:crook_andesite
[11:06:59] [INFO] Registered Crook Catalyst: exnihilocreatio:crook_granite
[11:06:59] [INFO] Registered Crook Catalyst: exnihilocreatio:crook_diorite
[11:06:59] [INFO] Registered Crook Catalyst: exnihilocreatio:crook_gold
[11:06:59] [INFO] Registered Crook Catalyst: exnihilocreatio:crook_iron
[11:06:59] [INFO] Registered Crook Catalyst: exnihilocreatio:crook_diamond
[11:06:59] [INFO] Registered Crook Catalyst: exnihilocreatio:crook_bone
[11:06:59] [INFO] Registered Crook Catalyst: exnihilocreatio:crook_clay_uncooked
[11:06:59] [INFO] Registered Crook Catalyst: exnihilocreatio:crook_clay
[11:06:59] [INFO] Registered Crook Catalyst: exnihilocreatio:crook_prismarine
[11:06:59] [INFO] Registered Crook Catalyst: exnihilocreatio:crook_netherrack
[11:06:59] [INFO] Registered Crook Catalyst: exnihilocreatio:crook_purpur
[11:06:59] [INFO] Registered Crook Catalyst: exnihilocreatio:crook_blaze
