[16:49:55] [ERROR] Error parsing Ingredient String: Invalid Item: exnihilocreatio:block_skystone_crushed:0
[16:49:55] [ERROR] Error parsing JSON: Invalid Item: {"name":"appliedenergistics2:crystal_seed","meta":0,"nbt":"{progress:0.0f}"}
[16:49:55] [ERROR] This may result in crashing or other undefined behavior
[16:49:55] [ERROR] Error parsing JSON: Invalid Item: {"name":"appliedenergistics2:crystal_seed","meta":0,"nbt":"{progress:0.0f}"}
[16:49:55] [ERROR] This may result in crashing or other undefined behavior
[16:49:55] [ERROR] Error parsing JSON: Invalid Item: {"name":"appliedenergistics2:crystal_seed","meta":0,"nbt":"{progress:0.0f}"}
[16:49:55] [ERROR] This may result in crashing or other undefined behavior
[16:49:55] [ERROR] Error parsing JSON: Invalid Item: {"item":"exnihilocreatio:block_skystone_crushed:0","amount":1,"miningLevel":3,"chance":1.0,"fortuneChance":0.0}
[16:49:55] [ERROR] Error parsing Ingredient String: Invalid Item: appliedenergistics2:sky_stone_block:0
[16:49:55] [ERROR] Error parsing Ingredient String: Invalid Item: appliedenergistics2:material:45
[16:49:58] [INFO] Enabled support for The One Probe
[16:50:01] [INFO] ModConfig Loaded: true
[16:50:01] [INFO] JEI: Compost Recipe Pages Loaded:         2
[16:50:01] [INFO] JEI: Fluid Item Transform Recipes Loaded:       23
[16:50:01] [INFO] JEI: Fluid On Top Recipes Loaded:       2
[16:50:01] [INFO] JEI: Fluid Transform Recipes Loaded:    1
[16:50:01] [INFO] JEI: Hammer Recipes Loaded:             44
[16:50:01] [INFO] JEI: Crook Recipes Loaded:              1
[16:50:01] [INFO] JEI: Heat Sources Loaded:             18
[16:50:01] [INFO] JEI: Sieve Recipes Loaded:              47
[16:50:01] [INFO] JEI: Stone Crucible Recipes Loaded:       1
[16:50:01] [INFO] JEI: Wood Crucible Recipes Loaded:        1
[16:50:01] [INFO] Registered Hammer Catalyst: exnihilocreatio:hammer_wood
[16:50:01] [INFO] Registered Hammer Catalyst: exnihilocreatio:hammer_stone
[16:50:01] [INFO] Registered Hammer Catalyst: exnihilocreatio:hammer_iron
[16:50:01] [INFO] Registered Hammer Catalyst: exnihilocreatio:hammer_diamond
[16:50:01] [INFO] Registered Hammer Catalyst: exnihilocreatio:hammer_gold
[16:50:01] [INFO] Registered Crook Catalyst: exnihilocreatio:crook_wood
[16:50:01] [INFO] Registered Crook Catalyst: exnihilocreatio:crook_stone
[16:50:01] [INFO] Registered Crook Catalyst: exnihilocreatio:crook_andesite
[16:50:01] [INFO] Registered Crook Catalyst: exnihilocreatio:crook_granite
[16:50:01] [INFO] Registered Crook Catalyst: exnihilocreatio:crook_diorite
[16:50:01] [INFO] Registered Crook Catalyst: exnihilocreatio:crook_gold
[16:50:01] [INFO] Registered Crook Catalyst: exnihilocreatio:crook_iron
[16:50:01] [INFO] Registered Crook Catalyst: exnihilocreatio:crook_diamond
[16:50:01] [INFO] Registered Crook Catalyst: exnihilocreatio:crook_bone
[16:50:01] [INFO] Registered Crook Catalyst: exnihilocreatio:crook_clay_uncooked
[16:50:01] [INFO] Registered Crook Catalyst: exnihilocreatio:crook_clay
[16:50:01] [INFO] Registered Crook Catalyst: exnihilocreatio:crook_prismarine
[16:50:01] [INFO] Registered Crook Catalyst: exnihilocreatio:crook_netherrack
[16:50:01] [INFO] Registered Crook Catalyst: exnihilocreatio:crook_purpur
[16:50:01] [INFO] Registered Crook Catalyst: exnihilocreatio:crook_blaze
