[21:52:59] [ERROR] Error parsing Ingredient String: Invalid Item: exnihilocreatio:block_skystone_crushed:0
[21:52:59] [ERROR] Error parsing JSON: Invalid Item: {"name":"appliedenergistics2:crystal_seed","meta":0,"nbt":"{progress:0.0f}"}
[21:52:59] [ERROR] This may result in crashing or other undefined behavior
[21:52:59] [ERROR] Error parsing JSON: Invalid Item: {"name":"appliedenergistics2:crystal_seed","meta":0,"nbt":"{progress:0.0f}"}
[21:52:59] [ERROR] This may result in crashing or other undefined behavior
[21:52:59] [ERROR] Error parsing JSON: Invalid Item: {"name":"appliedenergistics2:crystal_seed","meta":0,"nbt":"{progress:0.0f}"}
[21:52:59] [ERROR] This may result in crashing or other undefined behavior
[21:52:59] [ERROR] Error parsing JSON: Invalid Item: {"item":"exnihilocreatio:block_skystone_crushed:0","amount":1,"miningLevel":3,"chance":1.0,"fortuneChance":0.0}
[21:52:59] [ERROR] Error parsing Ingredient String: Invalid Item: appliedenergistics2:sky_stone_block:0
[21:52:59] [ERROR] Error parsing Ingredient String: Invalid Item: appliedenergistics2:material:45
[21:53:01] [INFO] Enabled support for The One Probe
[21:53:05] [INFO] ModConfig Loaded: true
[21:53:05] [INFO] JEI: Compost Recipe Pages Loaded:         2
[21:53:05] [INFO] JEI: Fluid Item Transform Recipes Loaded:       23
[21:53:05] [INFO] JEI: Fluid On Top Recipes Loaded:       2
[21:53:05] [INFO] JEI: Fluid Transform Recipes Loaded:    1
[21:53:05] [INFO] JEI: Hammer Recipes Loaded:             44
[21:53:05] [INFO] JEI: Crook Recipes Loaded:              1
[21:53:05] [INFO] JEI: Heat Sources Loaded:             18
[21:53:05] [INFO] JEI: Sieve Recipes Loaded:              47
[21:53:05] [INFO] JEI: Stone Crucible Recipes Loaded:       1
[21:53:05] [INFO] JEI: Wood Crucible Recipes Loaded:        1
[21:53:05] [INFO] Registered Hammer Catalyst: exnihilocreatio:hammer_wood
[21:53:05] [INFO] Registered Hammer Catalyst: exnihilocreatio:hammer_stone
[21:53:05] [INFO] Registered Hammer Catalyst: exnihilocreatio:hammer_iron
[21:53:05] [INFO] Registered Hammer Catalyst: exnihilocreatio:hammer_diamond
[21:53:05] [INFO] Registered Hammer Catalyst: exnihilocreatio:hammer_gold
[21:53:05] [INFO] Registered Crook Catalyst: exnihilocreatio:crook_wood
[21:53:05] [INFO] Registered Crook Catalyst: exnihilocreatio:crook_stone
[21:53:05] [INFO] Registered Crook Catalyst: exnihilocreatio:crook_andesite
[21:53:05] [INFO] Registered Crook Catalyst: exnihilocreatio:crook_granite
[21:53:05] [INFO] Registered Crook Catalyst: exnihilocreatio:crook_diorite
[21:53:05] [INFO] Registered Crook Catalyst: exnihilocreatio:crook_gold
[21:53:05] [INFO] Registered Crook Catalyst: exnihilocreatio:crook_iron
[21:53:05] [INFO] Registered Crook Catalyst: exnihilocreatio:crook_diamond
[21:53:05] [INFO] Registered Crook Catalyst: exnihilocreatio:crook_bone
[21:53:05] [INFO] Registered Crook Catalyst: exnihilocreatio:crook_clay_uncooked
[21:53:05] [INFO] Registered Crook Catalyst: exnihilocreatio:crook_clay
[21:53:05] [INFO] Registered Crook Catalyst: exnihilocreatio:crook_prismarine
[21:53:05] [INFO] Registered Crook Catalyst: exnihilocreatio:crook_netherrack
[21:53:05] [INFO] Registered Crook Catalyst: exnihilocreatio:crook_purpur
[21:53:05] [INFO] Registered Crook Catalyst: exnihilocreatio:crook_blaze
