[12:04:34] [ERROR] Error parsing Ingredient String: Invalid Item: exnihilocreatio:block_skystone_crushed:0
[12:04:34] [ERROR] Error parsing JSON: Invalid Item: {"name":"appliedenergistics2:crystal_seed","meta":0,"nbt":"{progress:0.0f}"}
[12:04:34] [ERROR] This may result in crashing or other undefined behavior
[12:04:34] [ERROR] Error parsing JSON: Invalid Item: {"name":"appliedenergistics2:crystal_seed","meta":0,"nbt":"{progress:0.0f}"}
[12:04:34] [ERROR] This may result in crashing or other undefined behavior
[12:04:34] [ERROR] Error parsing JSON: Invalid Item: {"name":"appliedenergistics2:crystal_seed","meta":0,"nbt":"{progress:0.0f}"}
[12:04:34] [ERROR] This may result in crashing or other undefined behavior
[12:04:34] [ERROR] Error parsing JSON: Invalid Item: {"item":"exnihilocreatio:block_skystone_crushed:0","amount":1,"miningLevel":3,"chance":1.0,"fortuneChance":0.0}
[12:04:34] [ERROR] Error parsing Ingredient String: Invalid Item: appliedenergistics2:sky_stone_block:0
[12:04:34] [ERROR] Error parsing Ingredient String: Invalid Item: appliedenergistics2:material:45
[12:04:37] [INFO] Enabled support for The One Probe
[12:04:41] [INFO] ModConfig Loaded: true
[12:04:41] [INFO] JEI: Compost Recipe Pages Loaded:         2
[12:04:41] [INFO] JEI: Fluid Item Transform Recipes Loaded:       23
[12:04:41] [INFO] JEI: Fluid On Top Recipes Loaded:       2
[12:04:41] [INFO] JEI: Fluid Transform Recipes Loaded:    1
[12:04:41] [INFO] JEI: Hammer Recipes Loaded:             44
[12:04:41] [INFO] JEI: Crook Recipes Loaded:              1
[12:04:41] [INFO] JEI: Heat Sources Loaded:             18
[12:04:41] [INFO] JEI: Sieve Recipes Loaded:              47
[12:04:41] [INFO] JEI: Stone Crucible Recipes Loaded:       1
[12:04:41] [INFO] JEI: Wood Crucible Recipes Loaded:        1
[12:04:41] [INFO] Registered Hammer Catalyst: exnihilocreatio:hammer_wood
[12:04:41] [INFO] Registered Hammer Catalyst: exnihilocreatio:hammer_stone
[12:04:41] [INFO] Registered Hammer Catalyst: exnihilocreatio:hammer_iron
[12:04:41] [INFO] Registered Hammer Catalyst: exnihilocreatio:hammer_diamond
[12:04:41] [INFO] Registered Hammer Catalyst: exnihilocreatio:hammer_gold
[12:04:41] [INFO] Registered Crook Catalyst: exnihilocreatio:crook_wood
[12:04:41] [INFO] Registered Crook Catalyst: exnihilocreatio:crook_stone
[12:04:41] [INFO] Registered Crook Catalyst: exnihilocreatio:crook_andesite
[12:04:41] [INFO] Registered Crook Catalyst: exnihilocreatio:crook_granite
[12:04:41] [INFO] Registered Crook Catalyst: exnihilocreatio:crook_diorite
[12:04:41] [INFO] Registered Crook Catalyst: exnihilocreatio:crook_gold
[12:04:41] [INFO] Registered Crook Catalyst: exnihilocreatio:crook_iron
[12:04:41] [INFO] Registered Crook Catalyst: exnihilocreatio:crook_diamond
[12:04:41] [INFO] Registered Crook Catalyst: exnihilocreatio:crook_bone
[12:04:41] [INFO] Registered Crook Catalyst: exnihilocreatio:crook_clay_uncooked
[12:04:41] [INFO] Registered Crook Catalyst: exnihilocreatio:crook_clay
[12:04:41] [INFO] Registered Crook Catalyst: exnihilocreatio:crook_prismarine
[12:04:41] [INFO] Registered Crook Catalyst: exnihilocreatio:crook_netherrack
[12:04:41] [INFO] Registered Crook Catalyst: exnihilocreatio:crook_purpur
[12:04:41] [INFO] Registered Crook Catalyst: exnihilocreatio:crook_blaze
