[09:30:02] [ERROR] Error parsing Ingredient String: Invalid Item: exnihilocreatio:block_skystone_crushed:0
[09:30:02] [ERROR] Error parsing JSON: Invalid Item: {"name":"appliedenergistics2:crystal_seed","meta":0,"nbt":"{progress:0.0f}"}
[09:30:02] [ERROR] This may result in crashing or other undefined behavior
[09:30:02] [ERROR] Error parsing JSON: Invalid Item: {"name":"appliedenergistics2:crystal_seed","meta":0,"nbt":"{progress:0.0f}"}
[09:30:02] [ERROR] This may result in crashing or other undefined behavior
[09:30:02] [ERROR] Error parsing JSON: Invalid Item: {"name":"appliedenergistics2:crystal_seed","meta":0,"nbt":"{progress:0.0f}"}
[09:30:02] [ERROR] This may result in crashing or other undefined behavior
[09:30:03] [ERROR] Error parsing JSON: Invalid Item: {"item":"exnihilocreatio:block_skystone_crushed:0","amount":1,"miningLevel":3,"chance":1.0,"fortuneChance":0.0}
[09:30:03] [ERROR] Error parsing Ingredient String: Invalid Item: appliedenergistics2:sky_stone_block:0
[09:30:03] [ERROR] Error parsing Ingredient String: Invalid Item: appliedenergistics2:material:45
[09:30:05] [INFO] Enabled support for The One Probe
[09:30:08] [INFO] ModConfig Loaded: true
[09:30:08] [INFO] JEI: Compost Recipe Pages Loaded:         2
[09:30:08] [INFO] JEI: Fluid Item Transform Recipes Loaded:       23
[09:30:08] [INFO] JEI: Fluid On Top Recipes Loaded:       2
[09:30:08] [INFO] JEI: Fluid Transform Recipes Loaded:    1
[09:30:08] [INFO] JEI: Hammer Recipes Loaded:             44
[09:30:08] [INFO] JEI: Crook Recipes Loaded:              1
[09:30:08] [INFO] JEI: Heat Sources Loaded:             18
[09:30:08] [INFO] JEI: Sieve Recipes Loaded:              47
[09:30:08] [INFO] JEI: Stone Crucible Recipes Loaded:       1
[09:30:08] [INFO] JEI: Wood Crucible Recipes Loaded:        1
[09:30:08] [INFO] Registered Hammer Catalyst: exnihilocreatio:hammer_wood
[09:30:08] [INFO] Registered Hammer Catalyst: exnihilocreatio:hammer_stone
[09:30:08] [INFO] Registered Hammer Catalyst: exnihilocreatio:hammer_iron
[09:30:08] [INFO] Registered Hammer Catalyst: exnihilocreatio:hammer_diamond
[09:30:08] [INFO] Registered Hammer Catalyst: exnihilocreatio:hammer_gold
[09:30:08] [INFO] Registered Crook Catalyst: exnihilocreatio:crook_wood
[09:30:08] [INFO] Registered Crook Catalyst: exnihilocreatio:crook_stone
[09:30:08] [INFO] Registered Crook Catalyst: exnihilocreatio:crook_andesite
[09:30:08] [INFO] Registered Crook Catalyst: exnihilocreatio:crook_granite
[09:30:08] [INFO] Registered Crook Catalyst: exnihilocreatio:crook_diorite
[09:30:08] [INFO] Registered Crook Catalyst: exnihilocreatio:crook_gold
[09:30:08] [INFO] Registered Crook Catalyst: exnihilocreatio:crook_iron
[09:30:08] [INFO] Registered Crook Catalyst: exnihilocreatio:crook_diamond
[09:30:08] [INFO] Registered Crook Catalyst: exnihilocreatio:crook_bone
[09:30:08] [INFO] Registered Crook Catalyst: exnihilocreatio:crook_clay_uncooked
[09:30:08] [INFO] Registered Crook Catalyst: exnihilocreatio:crook_clay
[09:30:08] [INFO] Registered Crook Catalyst: exnihilocreatio:crook_prismarine
[09:30:08] [INFO] Registered Crook Catalyst: exnihilocreatio:crook_netherrack
[09:30:08] [INFO] Registered Crook Catalyst: exnihilocreatio:crook_purpur
[09:30:08] [INFO] Registered Crook Catalyst: exnihilocreatio:crook_blaze
