[19:04:14] [ERROR] Error parsing Ingredient String: Invalid Item: exnihilocreatio:block_skystone_crushed:0
[19:04:14] [ERROR] Error parsing JSON: Invalid Item: {"name":"appliedenergistics2:crystal_seed","meta":0,"nbt":"{progress:0.0f}"}
[19:04:14] [ERROR] This may result in crashing or other undefined behavior
[19:04:14] [ERROR] Error parsing JSON: Invalid Item: {"name":"appliedenergistics2:crystal_seed","meta":0,"nbt":"{progress:0.0f}"}
[19:04:14] [ERROR] This may result in crashing or other undefined behavior
[19:04:14] [ERROR] Error parsing JSON: Invalid Item: {"name":"appliedenergistics2:crystal_seed","meta":0,"nbt":"{progress:0.0f}"}
[19:04:14] [ERROR] This may result in crashing or other undefined behavior
[19:04:14] [ERROR] Error parsing JSON: Invalid Item: {"item":"exnihilocreatio:block_skystone_crushed:0","amount":1,"miningLevel":3,"chance":1.0,"fortuneChance":0.0}
[19:04:14] [ERROR] Error parsing Ingredient String: Invalid Item: appliedenergistics2:sky_stone_block:0
[19:04:14] [ERROR] Error parsing Ingredient String: Invalid Item: appliedenergistics2:material:45
[19:04:17] [INFO] Enabled support for The One Probe
[19:04:21] [INFO] ModConfig Loaded: true
[19:04:21] [INFO] JEI: Compost Recipe Pages Loaded:         2
[19:04:21] [INFO] JEI: Fluid Item Transform Recipes Loaded:       23
[19:04:21] [INFO] JEI: Fluid On Top Recipes Loaded:       2
[19:04:21] [INFO] JEI: Fluid Transform Recipes Loaded:    1
[19:04:21] [INFO] JEI: Hammer Recipes Loaded:             44
[19:04:21] [INFO] JEI: Crook Recipes Loaded:              1
[19:04:21] [INFO] JEI: Heat Sources Loaded:             18
[19:04:21] [INFO] JEI: Sieve Recipes Loaded:              47
[19:04:21] [INFO] JEI: Stone Crucible Recipes Loaded:       1
[19:04:21] [INFO] JEI: Wood Crucible Recipes Loaded:        1
[19:04:21] [INFO] Registered Hammer Catalyst: exnihilocreatio:hammer_wood
[19:04:21] [INFO] Registered Hammer Catalyst: exnihilocreatio:hammer_stone
[19:04:21] [INFO] Registered Hammer Catalyst: exnihilocreatio:hammer_iron
[19:04:21] [INFO] Registered Hammer Catalyst: exnihilocreatio:hammer_diamond
[19:04:21] [INFO] Registered Hammer Catalyst: exnihilocreatio:hammer_gold
[19:04:21] [INFO] Registered Crook Catalyst: exnihilocreatio:crook_wood
[19:04:21] [INFO] Registered Crook Catalyst: exnihilocreatio:crook_stone
[19:04:21] [INFO] Registered Crook Catalyst: exnihilocreatio:crook_andesite
[19:04:21] [INFO] Registered Crook Catalyst: exnihilocreatio:crook_granite
[19:04:21] [INFO] Registered Crook Catalyst: exnihilocreatio:crook_diorite
[19:04:21] [INFO] Registered Crook Catalyst: exnihilocreatio:crook_gold
[19:04:21] [INFO] Registered Crook Catalyst: exnihilocreatio:crook_iron
[19:04:21] [INFO] Registered Crook Catalyst: exnihilocreatio:crook_diamond
[19:04:21] [INFO] Registered Crook Catalyst: exnihilocreatio:crook_bone
[19:04:21] [INFO] Registered Crook Catalyst: exnihilocreatio:crook_clay_uncooked
[19:04:21] [INFO] Registered Crook Catalyst: exnihilocreatio:crook_clay
[19:04:21] [INFO] Registered Crook Catalyst: exnihilocreatio:crook_prismarine
[19:04:21] [INFO] Registered Crook Catalyst: exnihilocreatio:crook_netherrack
[19:04:21] [INFO] Registered Crook Catalyst: exnihilocreatio:crook_purpur
[19:04:21] [INFO] Registered Crook Catalyst: exnihilocreatio:crook_blaze
