[20:47:54] [ERROR] Error parsing Ingredient String: Invalid Item: exnihilocreatio:block_skystone_crushed:0
[20:47:54] [ERROR] Error parsing JSON: Invalid Item: {"name":"appliedenergistics2:crystal_seed","meta":0,"nbt":"{progress:0.0f}"}
[20:47:54] [ERROR] This may result in crashing or other undefined behavior
[20:47:54] [ERROR] Error parsing JSON: Invalid Item: {"name":"appliedenergistics2:crystal_seed","meta":0,"nbt":"{progress:0.0f}"}
[20:47:54] [ERROR] This may result in crashing or other undefined behavior
[20:47:54] [ERROR] Error parsing JSON: Invalid Item: {"name":"appliedenergistics2:crystal_seed","meta":0,"nbt":"{progress:0.0f}"}
[20:47:54] [ERROR] This may result in crashing or other undefined behavior
[20:47:54] [ERROR] Error parsing JSON: Invalid Item: {"item":"exnihilocreatio:block_skystone_crushed:0","amount":1,"miningLevel":3,"chance":1.0,"fortuneChance":0.0}
[20:47:54] [ERROR] Error parsing Ingredient String: Invalid Item: appliedenergistics2:sky_stone_block:0
[20:47:54] [ERROR] Error parsing Ingredient String: Invalid Item: appliedenergistics2:material:45
[20:47:57] [INFO] Enabled support for The One Probe
[20:48:01] [INFO] ModConfig Loaded: true
[20:48:01] [INFO] JEI: Compost Recipe Pages Loaded:         2
[20:48:01] [INFO] JEI: Fluid Item Transform Recipes Loaded:       23
[20:48:01] [INFO] JEI: Fluid On Top Recipes Loaded:       2
[20:48:01] [INFO] JEI: Fluid Transform Recipes Loaded:    1
[20:48:01] [INFO] JEI: Hammer Recipes Loaded:             44
[20:48:01] [INFO] JEI: Crook Recipes Loaded:              1
[20:48:01] [INFO] JEI: Heat Sources Loaded:             18
[20:48:01] [INFO] JEI: Sieve Recipes Loaded:              47
[20:48:01] [INFO] JEI: Stone Crucible Recipes Loaded:       1
[20:48:01] [INFO] JEI: Wood Crucible Recipes Loaded:        1
[20:48:01] [INFO] Registered Hammer Catalyst: exnihilocreatio:hammer_wood
[20:48:01] [INFO] Registered Hammer Catalyst: exnihilocreatio:hammer_stone
[20:48:01] [INFO] Registered Hammer Catalyst: exnihilocreatio:hammer_iron
[20:48:01] [INFO] Registered Hammer Catalyst: exnihilocreatio:hammer_diamond
[20:48:01] [INFO] Registered Hammer Catalyst: exnihilocreatio:hammer_gold
[20:48:01] [INFO] Registered Crook Catalyst: exnihilocreatio:crook_wood
[20:48:01] [INFO] Registered Crook Catalyst: exnihilocreatio:crook_stone
[20:48:01] [INFO] Registered Crook Catalyst: exnihilocreatio:crook_andesite
[20:48:01] [INFO] Registered Crook Catalyst: exnihilocreatio:crook_granite
[20:48:01] [INFO] Registered Crook Catalyst: exnihilocreatio:crook_diorite
[20:48:01] [INFO] Registered Crook Catalyst: exnihilocreatio:crook_gold
[20:48:01] [INFO] Registered Crook Catalyst: exnihilocreatio:crook_iron
[20:48:01] [INFO] Registered Crook Catalyst: exnihilocreatio:crook_diamond
[20:48:01] [INFO] Registered Crook Catalyst: exnihilocreatio:crook_bone
[20:48:01] [INFO] Registered Crook Catalyst: exnihilocreatio:crook_clay_uncooked
[20:48:01] [INFO] Registered Crook Catalyst: exnihilocreatio:crook_clay
[20:48:01] [INFO] Registered Crook Catalyst: exnihilocreatio:crook_prismarine
[20:48:01] [INFO] Registered Crook Catalyst: exnihilocreatio:crook_netherrack
[20:48:01] [INFO] Registered Crook Catalyst: exnihilocreatio:crook_purpur
[20:48:01] [INFO] Registered Crook Catalyst: exnihilocreatio:crook_blaze
