[22:27:35] [ERROR] Error parsing Ingredient String: Invalid Item: exnihilocreatio:block_skystone_crushed:0
[22:27:35] [ERROR] Error parsing JSON: Invalid Item: {"name":"appliedenergistics2:crystal_seed","meta":0,"nbt":"{progress:0.0f}"}
[22:27:35] [ERROR] This may result in crashing or other undefined behavior
[22:27:35] [ERROR] Error parsing JSON: Invalid Item: {"name":"appliedenergistics2:crystal_seed","meta":0,"nbt":"{progress:0.0f}"}
[22:27:35] [ERROR] This may result in crashing or other undefined behavior
[22:27:35] [ERROR] Error parsing JSON: Invalid Item: {"name":"appliedenergistics2:crystal_seed","meta":0,"nbt":"{progress:0.0f}"}
[22:27:35] [ERROR] This may result in crashing or other undefined behavior
[22:27:35] [ERROR] Error parsing JSON: Invalid Item: {"item":"exnihilocreatio:block_skystone_crushed:0","amount":1,"miningLevel":3,"chance":1.0,"fortuneChance":0.0}
[22:27:35] [ERROR] Error parsing Ingredient String: Invalid Item: appliedenergistics2:sky_stone_block:0
[22:27:35] [ERROR] Error parsing Ingredient String: Invalid Item: appliedenergistics2:material:45
[22:27:37] [INFO] Enabled support for The One Probe
[22:27:40] [INFO] ModConfig Loaded: true
[22:27:40] [INFO] JEI: Compost Recipe Pages Loaded:         2
[22:27:40] [INFO] JEI: Fluid Item Transform Recipes Loaded:       23
[22:27:40] [INFO] JEI: Fluid On Top Recipes Loaded:       2
[22:27:40] [INFO] JEI: Fluid Transform Recipes Loaded:    1
[22:27:40] [INFO] JEI: Hammer Recipes Loaded:             44
[22:27:40] [INFO] JEI: Crook Recipes Loaded:              1
[22:27:40] [INFO] JEI: Heat Sources Loaded:             18
[22:27:40] [INFO] JEI: Sieve Recipes Loaded:              47
[22:27:40] [INFO] JEI: Stone Crucible Recipes Loaded:       1
[22:27:40] [INFO] JEI: Wood Crucible Recipes Loaded:        1
[22:27:40] [INFO] Registered Hammer Catalyst: exnihilocreatio:hammer_wood
[22:27:40] [INFO] Registered Hammer Catalyst: exnihilocreatio:hammer_stone
[22:27:40] [INFO] Registered Hammer Catalyst: exnihilocreatio:hammer_iron
[22:27:40] [INFO] Registered Hammer Catalyst: exnihilocreatio:hammer_diamond
[22:27:40] [INFO] Registered Hammer Catalyst: exnihilocreatio:hammer_gold
[22:27:40] [INFO] Registered Crook Catalyst: exnihilocreatio:crook_wood
[22:27:40] [INFO] Registered Crook Catalyst: exnihilocreatio:crook_stone
[22:27:40] [INFO] Registered Crook Catalyst: exnihilocreatio:crook_andesite
[22:27:40] [INFO] Registered Crook Catalyst: exnihilocreatio:crook_granite
[22:27:40] [INFO] Registered Crook Catalyst: exnihilocreatio:crook_diorite
[22:27:40] [INFO] Registered Crook Catalyst: exnihilocreatio:crook_gold
[22:27:40] [INFO] Registered Crook Catalyst: exnihilocreatio:crook_iron
[22:27:40] [INFO] Registered Crook Catalyst: exnihilocreatio:crook_diamond
[22:27:40] [INFO] Registered Crook Catalyst: exnihilocreatio:crook_bone
[22:27:40] [INFO] Registered Crook Catalyst: exnihilocreatio:crook_clay_uncooked
[22:27:40] [INFO] Registered Crook Catalyst: exnihilocreatio:crook_clay
[22:27:40] [INFO] Registered Crook Catalyst: exnihilocreatio:crook_prismarine
[22:27:40] [INFO] Registered Crook Catalyst: exnihilocreatio:crook_netherrack
[22:27:40] [INFO] Registered Crook Catalyst: exnihilocreatio:crook_purpur
[22:27:40] [INFO] Registered Crook Catalyst: exnihilocreatio:crook_blaze
