[14:03:58] [main/INFO]: Loading tweak class name net.minecraftforge.fml.common.launcher.FMLTweaker
[14:03:58] [main/INFO]: Using primary tweak class name net.minecraftforge.fml.common.launcher.FMLTweaker
[14:03:58] [main/INFO]: Calling tweak class net.minecraftforge.fml.common.launcher.FMLTweaker
[14:03:58] [main/INFO]: Forge Mod Loader version 14.23.5.2847 for Minecraft 1.12.2 loading
[14:03:58] [main/INFO]: Java is Java HotSpot(TM) 64-Bit Server VM, version 1.8.0_51, running on Windows 10:amd64:10.0, installed at D:\Spil\Twitchcraft\Install\runtime\jre-x64
[14:03:59] [main/WARN]: The coremod FMLCorePlugin (net.minecraftforge.fml.relauncher.FMLCorePlugin) is not signed!
[14:03:59] [main/WARN]: The coremod FMLForgePlugin (net.minecraftforge.classloading.FMLForgePlugin) is not signed!
[14:03:59] [main/INFO]: Searching D:\Spil\Twitchcraft\Instances\CompactClaustrophobia GIT\mods for mods
[14:03:59] [main/INFO]: Searching D:\Spil\Twitchcraft\Instances\CompactClaustrophobia GIT\mods\1.12.2 for mods
[14:03:59] [main/WARN]: Found FMLCorePluginContainsFMLMod marker in AppleCore-mc1.12.2-3.2.0.jar. This is not recommended, @Mods should be in a separate jar from the coremod.
[14:03:59] [main/WARN]: The coremod AppleCore (squeek.applecore.AppleCore) is not signed!
[14:03:59] [main/INFO]: Loading tweaker guichaguri.betterfps.tweaker.BetterFpsTweaker from BetterFps-1.4.8.jar
[14:03:59] [main/WARN]: The coremod com.bloodnbonesgaming.bnbgamingcore.core.BNBGamingCorePlugin does not have a MCVersion annotation, it may cause issues with this version of Minecraft
[14:03:59] [main/WARN]: The coremod BNBGamingCore (com.bloodnbonesgaming.bnbgamingcore.core.BNBGamingCorePlugin) is not signed!
[14:03:59] [main/INFO]: Loading tweaker codechicken.asm.internal.Tweaker from ChickenASM-1.12-1.0.2.7.jar
[14:03:59] [main/WARN]: Found FMLCorePluginContainsFMLMod marker in CTM-MC1.12.2-1.0.2.31.jar. This is not recommended, @Mods should be in a separate jar from the coremod.
[14:03:59] [main/WARN]: The coremod team.chisel.ctm.client.asm.CTMCorePlugin does not have a MCVersion annotation, it may cause issues with this version of Minecraft
[14:03:59] [main/WARN]: The coremod CTMCorePlugin (team.chisel.ctm.client.asm.CTMCorePlugin) is not signed!
[14:03:59] [main/INFO]: Loading tweaker org.spongepowered.asm.launch.MixinTweaker from DynamicSurroundings-1.12.2-3.6.0.2.jar
[14:03:59] [main/WARN]: Found FMLCorePluginContainsFMLMod marker in foamfix-0.10.10-1.12.2.jar. This is not recommended, @Mods should be in a separate jar from the coremod.
[14:03:59] [main/WARN]: The coremod pl.asie.foamfix.coremod.FoamFixCore does not have a MCVersion annotation, it may cause issues with this version of Minecraft
[14:03:59] [main/WARN]: Found FMLCorePluginContainsFMLMod marker in Forgelin-1.8.4.jar. This is not recommended, @Mods should be in a separate jar from the coremod.
[14:03:59] [main/WARN]: The coremod net.shadowfacts.forgelin.preloader.ForgelinPlugin does not have a MCVersion annotation, it may cause issues with this version of Minecraft
[14:03:59] [main/WARN]: The coremod ForgelinPlugin (net.shadowfacts.forgelin.preloader.ForgelinPlugin) is not signed!
[14:03:59] [main/WARN]: Found FMLCorePluginContainsFMLMod marker in InventoryTweaks-1.63.jar. This is not recommended, @Mods should be in a separate jar from the coremod.
[14:03:59] [main/WARN]: The coremod invtweaks.forge.asm.FMLPlugin does not have a MCVersion annotation, it may cause issues with this version of Minecraft
[14:03:59] [main/WARN]: The coremod micdoodle8.mods.miccore.MicdoodlePlugin does not have a MCVersion annotation, it may cause issues with this version of Minecraft
[14:03:59] [main/WARN]: The coremod MicdoodlePlugin (micdoodle8.mods.miccore.MicdoodlePlugin) is not signed!
[14:03:59] [main/WARN]: Found FMLCorePluginContainsFMLMod marker in OpenComputers-MC1.12.2-1.7.5.192.jar. This is not recommended, @Mods should be in a separate jar from the coremod.
[14:03:59] [main/WARN]: The coremod li.cil.oc.common.launch.TransformerLoader does not have a MCVersion annotation, it may cause issues with this version of Minecraft
[14:03:59] [main/WARN]: The coremod TransformerLoader (li.cil.oc.common.launch.TransformerLoader) is not signed!
[14:03:59] [main/WARN]: Found FMLCorePluginContainsFMLMod marker in ResourceLoader-MC1.12.1-1.5.3.jar. This is not recommended, @Mods should be in a separate jar from the coremod.
[14:03:59] [main/WARN]: The coremod lumien.resourceloader.asm.LoadingPlugin does not have a MCVersion annotation, it may cause issues with this version of Minecraft
[14:03:59] [main/WARN]: The coremod blusunrize.immersiveengineering.common.asm.IELoadingPlugin does not have a MCVersion annotation, it may cause issues with this version of Minecraft
[14:03:59] [main/INFO]: Loading tweak class name net.minecraftforge.fml.common.launcher.FMLInjectionAndSortingTweaker
[14:03:59] [main/INFO]: Loading tweak class name guichaguri.betterfps.tweaker.BetterFpsTweaker
[14:03:59] [main/INFO]: Loading tweak class name codechicken.asm.internal.Tweaker
[14:03:59] [main/INFO]: Loading tweak class name org.spongepowered.asm.launch.MixinTweaker
[14:03:59] [main/INFO]: SpongePowered MIXIN Subsystem Version=0.7.11 Source=file:/D:/Spil/Twitchcraft/Instances/CompactClaustrophobia%20GIT/mods/DynamicSurroundings-1.12.2-3.6.0.2.jar Service=LaunchWrapper Env=CLIENT
[14:03:59] [main/DEBUG]: Instantiating coremod class TransformLoader
[14:03:59] [main/DEBUG]: The coremod org.orecruncher.dsurround.mixins.TransformLoader requested minecraft version 1.12.2 and minecraft is 1.12.2. It will be loaded.
[14:03:59] [main/DEBUG]: Found signing certificates for coremod TransformLoader (org.orecruncher.dsurround.mixins.TransformLoader)
[14:03:59] [main/DEBUG]: Found certificate 7a2128d395ad96ceb9d9030fbd41d035b435753a
[14:03:59] [main/INFO]: Compatibility level set to JAVA_8
[14:03:59] [main/DEBUG]: Enqueued coremod TransformLoader
[14:03:59] [main/INFO]: Loading tweak class name net.minecraftforge.fml.common.launcher.FMLDeobfTweaker
[14:03:59] [main/INFO]: Calling tweak class net.minecraftforge.fml.common.launcher.FMLInjectionAndSortingTweaker
[14:03:59] [main/INFO]: Calling tweak class net.minecraftforge.fml.common.launcher.FMLInjectionAndSortingTweaker
[14:03:59] [main/INFO]: Calling tweak class net.minecraftforge.fml.relauncher.CoreModManager$FMLPluginWrapper
[14:03:59] [main/DEBUG]: Injecting coremod FMLCorePlugin \{net.minecraftforge.fml.relauncher.FMLCorePlugin\} class transformers
[14:03:59] [main/TRACE]: Registering transformer net.minecraftforge.fml.common.asm.transformers.SideTransformer
[14:03:59] [main/TRACE]: Registering transformer net.minecraftforge.fml.common.asm.transformers.EventSubscriptionTransformer
[14:03:59] [main/TRACE]: Registering transformer net.minecraftforge.fml.common.asm.transformers.EventSubscriberTransformer
[14:03:59] [main/TRACE]: Registering transformer net.minecraftforge.fml.common.asm.transformers.SoundEngineFixTransformer
[14:03:59] [main/DEBUG]: Injection complete
[14:03:59] [main/DEBUG]: Running coremod plugin for FMLCorePlugin \{net.minecraftforge.fml.relauncher.FMLCorePlugin\}
[14:03:59] [main/DEBUG]: Running coremod plugin FMLCorePlugin
[14:04:01] [main/INFO]: Found valid fingerprint for Minecraft. Certificate fingerprint cd99959656f753dc28d863b46769f7f8fbaefcfc
[14:04:01] [main/ERROR]: FML appears to be missing any signature data. This is not a good thing
[14:04:01] [main/DEBUG]: Coremod plugin class FMLCorePlugin run successfully
[14:04:01] [main/INFO]: Calling tweak class net.minecraftforge.fml.relauncher.CoreModManager$FMLPluginWrapper
[14:04:01] [main/DEBUG]: Injecting coremod FMLForgePlugin \{net.minecraftforge.classloading.FMLForgePlugin\} class transformers
[14:04:01] [main/DEBUG]: Injection complete
[14:04:01] [main/DEBUG]: Running coremod plugin for FMLForgePlugin \{net.minecraftforge.classloading.FMLForgePlugin\}
[14:04:01] [main/DEBUG]: Running coremod plugin FMLForgePlugin
[14:04:01] [main/DEBUG]: Coremod plugin class FMLForgePlugin run successfully
[14:04:01] [main/INFO]: Calling tweak class net.minecraftforge.fml.relauncher.CoreModManager$FMLPluginWrapper
[14:04:01] [main/DEBUG]: Injecting coremod ForgelinPlugin \{net.shadowfacts.forgelin.preloader.ForgelinPlugin\} class transformers
[14:04:01] [main/DEBUG]: Injection complete
[14:04:01] [main/DEBUG]: Running coremod plugin for ForgelinPlugin \{net.shadowfacts.forgelin.preloader.ForgelinPlugin\}
[14:04:01] [main/DEBUG]: Running coremod plugin ForgelinPlugin
[14:04:01] [main/DEBUG]: Coremod plugin class ForgelinPlugin run successfully
[14:04:01] [main/INFO]: Calling tweak class net.minecraftforge.fml.relauncher.CoreModManager$FMLPluginWrapper
[14:04:01] [main/DEBUG]: Injecting coremod MicdoodlePlugin \{micdoodle8.mods.miccore.MicdoodlePlugin\} class transformers
[14:04:01] [main/INFO]: [micdoodle8.mods.miccore.MicdoodlePlugin:getASMTransformerClass:99]: Successfully Registered Transformer
[14:04:01] [main/TRACE]: Registering transformer micdoodle8.mods.miccore.MicdoodleTransformer
[14:04:01] [main/DEBUG]: Injection complete
[14:04:01] [main/DEBUG]: Running coremod plugin for MicdoodlePlugin \{micdoodle8.mods.miccore.MicdoodlePlugin\}
[14:04:01] [main/DEBUG]: Running coremod plugin MicdoodlePlugin
[14:04:01] [main/INFO]: [micdoodle8.mods.miccore.MicdoodlePlugin:injectData:292]: [Micdoodle8Core]: Patching game...
[14:04:01] [main/INFO]: [micdoodle8.mods.miccore.MicdoodlePlugin:injectData:292]: [Micdoodle8Core]: Patching game...
[14:04:01] [main/DEBUG]: Coremod plugin class MicdoodlePlugin run successfully
[14:04:01] [main/INFO]: Calling tweak class codechicken.asm.internal.Tweaker
[14:04:01] [main/INFO]: [codechicken.asm.internal.Tweaker:injectIntoClassLoader:30]: false
[14:04:01] [main/INFO]: Calling tweak class org.spongepowered.asm.launch.MixinTweaker
[14:04:01] [main/INFO]: Initialised Mixin FML Remapper Adapter with net.minecraftforge.fml.common.asm.transformers.deobf.FMLDeobfuscatingRemapper@30159886
[14:04:01] [main/DEBUG]: Injecting coremod TransformLoader \{org.orecruncher.dsurround.mixins.TransformLoader\} class transformers
[14:04:01] [main/DEBUG]: Injection complete
[14:04:01] [main/DEBUG]: Running coremod plugin for TransformLoader \{org.orecruncher.dsurround.mixins.TransformLoader\}
[14:04:01] [main/DEBUG]: Running coremod plugin TransformLoader
[14:04:01] [main/DEBUG]: Coremod plugin class TransformLoader run successfully
[14:04:01] [main/INFO]: Calling tweak class guichaguri.betterfps.tweaker.BetterFpsTweaker
[14:04:01] [main/INFO]: Calling tweak class net.minecraftforge.fml.common.launcher.FMLDeobfTweaker
[14:04:01] [main/DEBUG]: Validating minecraft
[14:04:02] [main/INFO]: Calling tweak class net.minecraftforge.fml.relauncher.CoreModManager$FMLPluginWrapper
[14:04:02] [main/INFO]: Minecraft version is 1.12.2 and BNBGamingCore accepts versions 1.12, . It will be registered.
[14:04:02] [main/INFO]: Minecraft version is 1.12.2 and BNBGamingCore accepts versions 1.12, . It will be registered.
[14:04:02] [main/INFO]: Calling tweak class net.minecraftforge.fml.relauncher.CoreModManager$FMLPluginWrapper
[14:04:02] [main/INFO]: Calling tweak class net.minecraftforge.fml.relauncher.CoreModManager$FMLPluginWrapper
[14:04:02] [main/INFO]: Calling tweak class net.minecraftforge.fml.relauncher.CoreModManager$FMLPluginWrapper
[14:04:02] [main/INFO]: Calling tweak class net.minecraftforge.fml.relauncher.CoreModManager$FMLPluginWrapper
[14:04:02] [main/INFO]: Calling tweak class net.minecraftforge.fml.relauncher.CoreModManager$FMLPluginWrapper
[14:04:02] [main/INFO]: Calling tweak class net.minecraftforge.fml.relauncher.CoreModManager$FMLPluginWrapper
[14:04:02] [main/INFO]: Calling tweak class net.minecraftforge.fml.relauncher.CoreModManager$FMLPluginWrapper
[14:04:02] [main/INFO]: Calling tweak class net.minecraftforge.fml.relauncher.CoreModManager$FMLPluginWrapper
[14:04:02] [main/INFO]: Loading tweak class name net.minecraftforge.fml.common.launcher.TerminalTweaker
[14:04:02] [main/INFO]: Loading tweak class name org.spongepowered.asm.mixin.EnvironmentStateTweaker
[14:04:02] [main/INFO]: Calling tweak class net.minecraftforge.fml.common.launcher.TerminalTweaker
[14:04:02] [main/INFO]: Calling tweak class org.spongepowered.asm.mixin.EnvironmentStateTweaker
[14:04:02] [main/INFO]: Patching net.minecraft.client.renderer.EntityRenderer... (buq)
[14:04:02] [main/INFO]: A re-entrant transformer 'guichaguri.betterfps.transformers.PatcherTransformer' was detected and will no longer process meta class data
[14:04:02] [main/INFO]: Launching wrapped minecraft {net.minecraft.client.main.Main}
[14:04:02] [main/INFO]: Patching net.minecraft.client.Minecraft... (bib)
[14:04:03] [main/INFO]: Patching net.minecraft.client.entity.EntityPlayerSP... (bud)
[14:04:03] [main/INFO]: [pl.asie.foamfix.coremod.FoamFixTransformer:spliceClasses:98]: Added INTERFACE: pl/asie/foamfix/coremod/patches/IFoamFixWorldRemovable
[14:04:03] [main/INFO]: [pl.asie.foamfix.coremod.FoamFixTransformer:spliceClasses:135]: Added METHOD: net.minecraft.world.World.foamfix_removeUnloadedEntities
[14:04:03] [main/INFO]: [pl.asie.foamfix.coremod.patches.WorldServerRemovalPatch:apply:62]: Patched updateEntities in net/minecraft/world/WorldServer func_72939_s
[14:04:03] [main/INFO]: [pl.asie.foamfix.coremod.FoamFixTransformer:spliceClasses:111]: Spliced in METHOD: net.minecraft.client.util.SearchTreeManager.func_110549_a
[14:04:03] [main/INFO]: [team.chisel.ctm.client.asm.CTMTransformer:preTransform:230]: Transforming Class [net.minecraftforge.client.ForgeHooksClient], Method [getDamageModel]
[14:04:03] [main/INFO]: [team.chisel.ctm.client.asm.CTMTransformer:finishTransform:242]: Transforming net.minecraftforge.client.ForgeHooksClient Finished.
[14:04:03] [main/INFO]: Successfully patched net/minecraft/entity/EntityLiving.recreateLeash.
[14:04:03] [Client thread/INFO]: Setting user: Zsigma
[14:04:03] [Client thread/INFO]: Patching net.minecraft.block.Block... (aow)
[14:04:03] [Client thread/INFO]: [team.chisel.ctm.client.asm.CTMTransformer:preTransform:230]: Transforming Class [net.minecraft.block.Block], Method [getExtendedState]
[14:04:03] [Client thread/INFO]: [team.chisel.ctm.client.asm.CTMTransformer:finishTransform:242]: Transforming net.minecraft.block.Block Finished.
[14:04:04] [Client thread/INFO]: [pl.asie.foamfix.coremod.FoamFixTransformer:spliceClasses:111]: Spliced in METHOD: net.minecraft.block.state.BlockStateContainer.createState
[14:04:04] [Client thread/INFO]: [pl.asie.foamfix.coremod.FoamFixTransformer:spliceClasses:111]: Spliced in METHOD: net.minecraft.block.properties.PropertyEnum.equals
[14:04:04] [Client thread/INFO]: [pl.asie.foamfix.coremod.FoamFixTransformer:spliceClasses:111]: Spliced in METHOD: net.minecraft.block.properties.PropertyEnum.hashCode
[14:04:04] [Client thread/INFO]: [pl.asie.foamfix.coremod.FoamFixTransformer:spliceClasses:158]: Added FIELD: net.minecraft.block.properties.PropertyEnum.foamfix_hashCode
[14:04:04] [Client thread/INFO]: [pl.asie.foamfix.coremod.FoamFixTransformer:spliceClasses:158]: Added FIELD: net.minecraft.block.properties.PropertyEnum.foamfix_hashCode_calced
[14:04:04] [Client thread/INFO]: [pl.asie.foamfix.coremod.FoamFixTransformer:spliceClasses:111]: Spliced in METHOD: net.minecraft.block.properties.PropertyInteger.hashCode
[14:04:04] [Client thread/INFO]: [pl.asie.foamfix.coremod.FoamFixTransformer:spliceClasses:158]: Added FIELD: net.minecraft.block.properties.PropertyInteger.foamfix_hashCode
[14:04:04] [Client thread/INFO]: [pl.asie.foamfix.coremod.FoamFixTransformer:spliceClasses:158]: Added FIELD: net.minecraft.block.properties.PropertyInteger.foamfix_hashCode_calced
[14:04:04] [Client thread/INFO]: [pl.asie.foamfix.coremod.FoamFixTransformer:spliceClasses:111]: Spliced in METHOD: net.minecraft.block.properties.PropertyBool.equals
[14:04:04] [Client thread/INFO]: [pl.asie.foamfix.coremod.FoamFixTransformer:spliceClasses:111]: Spliced in METHOD: net.minecraft.block.properties.PropertyBool.hashCode
[14:04:04] [Client thread/INFO]: Patching math utils with "RIVENS_HALF" algorithm
[14:04:04] [Client thread/INFO]: [pl.asie.foamfix.coremod.FoamFixTransformer:spliceClasses:111]: Spliced in METHOD: net.minecraft.tileentity.TileEntity.func_190559_a
[14:04:04] [Client thread/INFO]: [pl.asie.foamfix.coremod.FoamFixTransformer:spliceClasses:111]: Spliced in METHOD: net.minecraft.block.BlockBed.func_189540_a
[14:04:04] [Client thread/INFO]: Patching net.minecraft.tileentity.TileEntityBeacon... (avh)
[14:04:04] [Client thread/INFO]: Patching net.minecraft.block.BlockHopper... (arl)
[14:04:04] [Client thread/INFO]: [pl.asie.patchy.helpers.ConstructorReplacingTransformer$FFMethodVisitor:visitTypeInsn:73]: Replaced NEW for net/minecraft/tileentity/TileEntityHopper to pl/asie/foamfix/common/TileEntityFasterHopper
[14:04:04] [Client thread/INFO]: [pl.asie.patchy.helpers.ConstructorReplacingTransformer$FFMethodVisitor:visitMethodInsn:85]: Replaced INVOKESPECIAL for net/minecraft/tileentity/TileEntityHopper to pl/asie/foamfix/common/TileEntityFasterHopper
[14:04:04] [Client thread/INFO]: Patching net.minecraft.tileentity.TileEntityHopper... (avw)
[14:04:04] [Client thread/INFO]: [pl.asie.foamfix.coremod.FoamFixTransformer:spliceClasses:98]: Added INTERFACE: pl/asie/foamfix/coremod/patches/IFoamFixWorldRemovable
[14:04:04] [Client thread/INFO]: [pl.asie.foamfix.coremod.FoamFixTransformer:spliceClasses:135]: Added METHOD: net.minecraft.world.World.foamfix_removeUnloadedEntities
[14:04:05] [Client thread/INFO]: [pl.asie.foamfix.coremod.FoamFixTransformer:spliceClasses:98]: Added INTERFACE: pl/asie/foamfix/api/IFoamFixMobSpawnerLogic
[14:04:05] [Client thread/INFO]: [pl.asie.foamfix.coremod.FoamFixTransformer:spliceClasses:111]: Spliced in METHOD: net.minecraft.tileentity.MobSpawnerBaseLogic.func_98279_f
[14:04:05] [Client thread/INFO]: [pl.asie.foamfix.coremod.FoamFixTransformer:spliceClasses:158]: Added FIELD: net.minecraft.tileentity.MobSpawnerBaseLogic.foamfix_activatedCache
[14:04:05] [Client thread/INFO]: [pl.asie.foamfix.coremod.FoamFixTransformer:spliceClasses:158]: Added FIELD: net.minecraft.tileentity.MobSpawnerBaseLogic.foamfix_activatedCachePESize
[14:04:05] [Client thread/INFO]: [pl.asie.foamfix.coremod.FoamFixTransformer:spliceClasses:158]: Added FIELD: net.minecraft.tileentity.MobSpawnerBaseLogic.foamfix_activatedCacheTime
[14:04:05] [Client thread/INFO]: [pl.asie.foamfix.coremod.FoamFixTransformer:spliceClasses:158]: Added FIELD: net.minecraft.tileentity.MobSpawnerBaseLogic.foamfix_forcedCache
[14:04:05] [Client thread/INFO]: [pl.asie.foamfix.coremod.FoamFixTransformer:spliceClasses:158]: Added FIELD: net.minecraft.tileentity.MobSpawnerBaseLogic.foamfix_forcedCacheTime
[14:04:06] [Client thread/WARN]: Skipping bad option: lastServer:
[14:04:06] [Client thread/INFO]: LWJGL Version: 2.9.4
[14:04:07] [Client thread/INFO]: -- System Details --
Details:
	Minecraft Version: 1.12.2
	Operating System: Windows 10 (amd64) version 10.0
	Java Version: 1.8.0_51, Oracle Corporation
	Java VM Version: Java HotSpot(TM) 64-Bit Server VM (mixed mode), Oracle Corporation
	Memory: 490151608 bytes (467 MB) / 859832320 bytes (820 MB) up to 5726797824 bytes (5461 MB)
	JVM Flags: 4 total; -XX:HeapDumpPath=MojangTricksIntelDriversForPerformance_javaw.exe_minecraft.exe.heapdump -Xmx6144m -Xms256m -XX:PermSize=256m
	IntCache: cache: 0, tcache: 0, allocated: 0, tallocated: 0
	FML: 
	Loaded coremods (and transformers): 
Inventory Tweaks Coremod (InventoryTweaks-1.63.jar)
  invtweaks.forge.asm.ContainerTransformer
TransformerLoader (OpenComputers-MC1.12.2-1.7.5.192.jar)
  li.cil.oc.common.asm.ClassTransformer
BNBGamingCore (BNBGamingCore-1.12.2-0.11.0.jar)
  com.bloodnbonesgaming.bnbgamingcore.core.BNBGamingCoreClassTransformer
AppleCore (AppleCore-mc1.12.2-3.2.0.jar)
  squeek.applecore.asm.TransformerModuleHandler
ForgelinPlugin (Forgelin-1.8.4.jar)
  
Do not report to Forge! (If you haven't disabled the FoamFix coremod, try disabling it in the config! Note that this bit of text will still appear.) (foamfix-0.10.10-1.12.2.jar)
  pl.asie.foamfix.coremod.FoamFixTransformer
LoadingPlugin (ResourceLoader-MC1.12.1-1.5.3.jar)
  lumien.resourceloader.asm.ClassTransformer
TransformLoader (DynamicSurroundings-1.12.2-3.6.0.2.jar)
  
MoreSoundConfigCore (moresoundconfig-core-1.0.4.jar)
  ichttt.mods.moresoundconfig.asm.MSCTransformer
MicdoodlePlugin (MicdoodleCore-1.12.2-4.0.2.277.jar)
  micdoodle8.mods.miccore.MicdoodleTransformer
IELoadingPlugin (ImmersiveEngineering-core-0.12-92.jar)
  blusunrize.immersiveengineering.common.asm.IEClassTransformer
CTMCorePlugin (CTM-MC1.12.2-1.0.2.31.jar)
  team.chisel.ctm.client.asm.CTMTransformer
	GL info: ' Vendor: 'NVIDIA Corporation' Version: '4.6.0 NVIDIA 436.15' Renderer: 'GeForce GTX 970/PCIe/SSE2'
[14:04:07] [Client thread/INFO]: MinecraftForge v14.23.5.2847 Initialized
[14:04:07] [Client thread/INFO]: Starts to replace vanilla recipe ingredients with ore ingredients.
[14:04:07] [Client thread/INFO]: Invalid recipe found with multiple oredict ingredients in the same ingredient...
[14:04:07] [Client thread/INFO]: Replaced 1227 ore ingredients
[14:04:07] [Client thread/INFO]: Searching D:\Spil\Twitchcraft\Instances\CompactClaustrophobia GIT\mods for mods
[14:04:07] [Client thread/INFO]: Searching D:\Spil\Twitchcraft\Instances\CompactClaustrophobia GIT\mods\1.12.2 for mods
[14:04:08] [Client thread/WARN]: Mod codechickenlib is missing the required element 'version' and a version.properties file could not be found. Falling back to metadata version 3.2.3.358
[14:04:08] [Client thread/WARN]: Mod craftingtweaks is missing the required element 'version' and a version.properties file could not be found. Falling back to metadata version 8.1.9
